Parsing embeddings...
0
10000
20000
30000
40000
50000
60000
70000
80000
90000
100000
Parsing Ubuntu data...
Parsing Android data...
42970
42970
Namespace(batch_size=60, cuda=True, epochs=10, lambda_val=0.0001, lr=0.01, lr_domain=0.01, margin=0.1, model='lstm', num_training_samples=12724, weight=0.001)
0.0001
Parsing Ubuntu data...
Parsing Android data...
()
Running model...
epoch: 0
('FEATURE LOSS', 0.05400869622826576)
('FEATURE LOSS', 0.0407738983631134)
[]
('FEATURE LOSS', 0.05924162641167641)
('FEATURE LOSS', 0.05459284782409668)
('FEATURE LOSS', 0.02918717823922634)
[]
('FEATURE LOSS', 0.03730018809437752)
('FEATURE LOSS', 0.05121693015098572)
('FEATURE LOSS', 0.03991293907165527)
('FEATURE LOSS', 0.02516271360218525)
('FEATURE LOSS', 0.0249327439814806)
[]
('FEATURE LOSS', 0.021117795258760452)
[]
('FEATURE LOSS', 0.023411886766552925)
('FEATURE LOSS', 0.01889912039041519)
[]
('FEATURE LOSS', 0.018239112570881844)
('FEATURE LOSS', 0.02464231103658676)
('FEATURE LOSS', 0.02179337479174137)
[]
('FEATURE LOSS', 0.01415200624614954)
('FEATURE LOSS', 0.025194397196173668)
('FEATURE LOSS', 0.012371581979095936)
('FEATURE LOSS', 0.011663451790809631)
[]
('FEATURE LOSS', 0.014542917720973492)
('FEATURE LOSS', 0.0165817029774189)
[]
[]
('FEATURE LOSS', 0.014136116951704025)
('FEATURE LOSS', 0.012775101698935032)
('FEATURE LOSS', 0.012242107652127743)
[]
('FEATURE LOSS', 0.013848363421857357)
('FEATURE LOSS', 0.010310232639312744)
('FEATURE LOSS', 0.015753889456391335)
[]
('FEATURE LOSS', 0.00929673109203577)
('FEATURE LOSS', 0.013013186864554882)
[]
('FEATURE LOSS', 0.012259808368980885)
('FEATURE LOSS', 0.016661547124385834)
('FEATURE LOSS', 0.015707317739725113)
('FEATURE LOSS', 0.009546132758259773)
('FEATURE LOSS', 0.008028091862797737)
('FEATURE LOSS', 0.007247642148286104)
('FEATURE LOSS', 0.011822570115327835)
('FEATURE LOSS', 0.008862794376909733)
('FEATURE LOSS', 0.010729992762207985)
('FEATURE LOSS', 0.006967456545680761)
('FEATURE LOSS', 0.008662601932883263)
('FEATURE LOSS', 0.012198823504149914)
('FEATURE LOSS', 0.012399880215525627)
('FEATURE LOSS', 0.0064180768094956875)
('FEATURE LOSS', 0.01113355066627264)
('FEATURE LOSS', 0.012430922128260136)
('FEATURE LOSS', 0.011515825986862183)
('FEATURE LOSS', 0.01139349490404129)
('FEATURE LOSS', 0.0054297368042171)
('FEATURE LOSS', 0.009073857218027115)
('FEATURE LOSS', 0.011461036279797554)
('FEATURE LOSS', 0.01371470931917429)
('FEATURE LOSS', 0.007953991182148457)
('FEATURE LOSS', 0.00793764740228653)
('FEATURE LOSS', 0.011354913003742695)
[]
('FEATURE LOSS', 0.010271810926496983)
('FEATURE LOSS', 0.01330097671598196)
('FEATURE LOSS', 0.00467473641037941)
('FEATURE LOSS', 0.011354755610227585)
('FEATURE LOSS', 0.013483152724802494)
('FEATURE LOSS', 0.006560347508639097)
('FEATURE LOSS', 0.006545888725668192)
('FEATURE LOSS', 0.008049092255532742)
('FEATURE LOSS', 0.006817913148552179)
('FEATURE LOSS', 0.0072316573932766914)
('FEATURE LOSS', 0.009938443079590797)
('FEATURE LOSS', 0.015364918857812881)
('FEATURE LOSS', 0.006115784402936697)
('FEATURE LOSS', 0.008203689008951187)
('FEATURE LOSS', 0.00922175869345665)
('FEATURE LOSS', 0.016402537003159523)
('FEATURE LOSS', 0.00704832561314106)
('FEATURE LOSS', 0.009988073259592056)
('FEATURE LOSS', 0.010724391788244247)
('FEATURE LOSS', 0.008846928365528584)
('FEATURE LOSS', 0.010916163213551044)
('FEATURE LOSS', 0.005738366860896349)
('FEATURE LOSS', 0.007892400957643986)
('FEATURE LOSS', 0.008282513357698917)
('FEATURE LOSS', 0.011551864445209503)
('FEATURE LOSS', 0.0136233726516366)
('FEATURE LOSS', 0.012456605210900307)
('FEATURE LOSS', 0.008241862989962101)
('FEATURE LOSS', 0.008394529111683369)
('FEATURE LOSS', 0.006245049182325602)
('FEATURE LOSS', 0.007200086954981089)
('FEATURE LOSS', 0.004121198318898678)
('FEATURE LOSS', 0.005914177279919386)
('FEATURE LOSS', 0.009309692308306694)
('FEATURE LOSS', 0.010138686746358871)
('FEATURE LOSS', 0.006428211461752653)
('FEATURE LOSS', 0.005766712594777346)
('FEATURE LOSS', 0.007054524961858988)
('FEATURE LOSS', 0.007152717560529709)
[]
('FEATURE LOSS', 0.003577704541385174)
('FEATURE LOSS', 0.004788917955011129)
('FEATURE LOSS', 0.005260464269667864)
[]
('FEATURE LOSS', 0.006744951941072941)
('FEATURE LOSS', 0.007764145731925964)
('FEATURE LOSS', 0.0061858720146119595)
('FEATURE LOSS', 0.0063492669723927975)
('FEATURE LOSS', 0.016831113025546074)
('FEATURE LOSS', 0.002557890024036169)
('FEATURE LOSS', 0.007117100525647402)
('FEATURE LOSS', 0.006535997148603201)
DEV DATA
('TIME START', 2.7281460762023926)
(15L, 101L)
('auc middle', 0.19733333333333331)
('TIME END', 3.445672035217285)
('TIME START', 6.046327114105225)
(15L, 101L)
('auc middle', 0.29866666666666664)
('TIME END', 6.772414922714233)
('TIME START', 9.355525970458984)
(15L, 101L)
('auc middle', 0.33639506172839506)
('TIME END', 10.070403099060059)
('TIME START', 12.651595115661621)
(15L, 101L)
('auc middle', 0.33633333333333332)
('TIME END', 13.369737148284912)
('TIME START', 15.948652029037476)
(15L, 101L)
('auc middle', 0.37848888888888887)
('TIME END', 16.670107126235962)
('TIME START', 19.267369985580444)
(15L, 101L)
('auc middle', 0.38883950617283952)
('TIME END', 19.991137981414795)
('TIME START', 22.579936027526855)
(15L, 101L)
('auc middle', 0.37391383219954644)
('TIME END', 23.305469036102295)
[]
random stuff 2
('TIME START', 25.928681135177612)
(15L, 101L)
('auc middle', 0.38311111111111107)
('TIME END', 26.656296014785767)
('TIME START', 29.24189305305481)
(15L, 101L)
('auc middle', 0.36051577503429355)
('TIME END', 29.974563121795654)
('TIME START', 32.59355401992798)
(15L, 101L)
('auc middle', 0.3470044444444445)
('TIME END', 33.324280977249146)
('TIME START', 35.92164492607117)
(15L, 101L)
('auc middle', 0.34232506887052333)
('TIME END', 36.66082811355591)
('TIME START', 39.240715980529785)
(15L, 101L)
('auc middle', 0.34074691358024689)
('TIME END', 39.97555494308472)
('TIME START', 42.54803800582886)
(15L, 101L)
('auc middle', 0.33430637738330049)
('TIME END', 43.292036056518555)
[]
random stuff 2
('TIME START', 45.9676079750061)
(15L, 101L)
('auc middle', 0.33311564625850332)
('TIME END', 46.7077751159668)
('TIME START', 49.28733801841736)
(15L, 101L)
('auc middle', 0.34034962962962967)
('TIME END', 50.03858995437622)
('TIME START', 52.62054800987244)
(15L, 101L)
('auc middle', 0.34910069444444447)
('TIME END', 53.36409902572632)
('TIME START', 55.95111703872681)
(15L, 101L)
('auc middle', 0.34222837370242215)
('TIME END', 56.70465111732483)
('TIME START', 59.28700399398804)
(15L, 101L)
('auc middle', 0.3380960219478738)
('TIME END', 60.03541707992554)
('TIME START', 62.623470067977905)
(15L, 101L)
('auc middle', 0.33469005847953215)
('TIME END', 63.382384061813354)
[]
random stuff 2
('TIME START', 66.07420110702515)
(15L, 101L)
('auc middle', 0.34207333333333328)
('TIME END', 66.83015203475952)
('TIME START', 69.43055701255798)
(15L, 101L)
('auc middle', 0.3349276895943562)
('TIME END', 70.192547082901)
('TIME START', 72.7792911529541)
(15L, 101L)
('auc middle', 0.32955188246097333)
('TIME END', 73.53881502151489)
('TIME START', 76.1329939365387)
(15L, 101L)
('auc middle', 0.32225498844780504)
('TIME END', 76.89530205726624)
('TIME START', 79.49553513526917)
(15L, 101L)
('auc middle', 0.3238657407407407)
('TIME END', 80.27294707298279)
('TIME START', 82.88965392112732)
(15L, 101L)
('auc middle', 0.32507164444444442)
('TIME END', 83.65072202682495)
('TIME START', 86.24406313896179)
(15L, 101L)
('auc middle', 0.31710190664036814)
('TIME END', 87.01425814628601)
('TIME START', 89.61009407043457)
(15L, 101L)
('auc middle', 0.31387532388355432)
('TIME END', 90.4062089920044)
('TIME START', 93.07198715209961)
(15L, 101L)
('auc middle', 0.31892403628117916)
('TIME END', 93.86266303062439)
('TIME START', 96.44244813919067)
(15L, 101L)
('auc middle', 0.319262253930506)
('TIME END', 97.21521997451782)
('TIME START', 99.78532814979553)
(15L, 101L)
('auc middle', 0.31904691358024689)
('TIME END', 100.5885100364685)
('TIME START', 103.18870902061462)
(15L, 101L)
('auc middle', 0.32235217944271016)
('TIME END', 103.96577215194702)
('TIME START', 106.54222798347473)
(15L, 101L)
('auc middle', 0.32345312500000001)
('TIME END', 107.32788801193237)
('TIME START', 109.90751099586487)
(15L, 101L)
('auc middle', 0.32014447505356591)
('TIME END', 110.70358514785767)
[]
random stuff 2
[]
random stuff 2
('TIME START', 113.35883808135986)
(15L, 101L)
('auc middle', 0.32070203767781619)
('TIME END', 114.14789509773254)
('TIME START', 116.73183012008667)
(15L, 101L)
('auc middle', 0.31700172335600907)
('TIME END', 117.51743912696838)
('TIME START', 120.10934209823608)
(15L, 101L)
('auc middle', 0.31773113854595336)
('TIME END', 120.89864611625671)
('TIME START', 123.47379899024963)
(15L, 101L)
('auc middle', 0.32059475691908124)
('TIME END', 124.26369595527649)
('TIME START', 126.84023404121399)
(15L, 101L)
('auc middle', 0.32546814404432134)
('TIME END', 127.63199210166931)
('TIME START', 130.20234203338623)
(15L, 101L)
('auc middle', 0.32310029951055591)
('TIME END', 131.0040910243988)
[]
random stuff 2
('TIME START', 133.60396909713745)
(15L, 101L)
('auc middle', 0.32513888888888881)
('TIME END', 134.40147399902344)
('TIME START', 136.96008110046387)
(15L, 101L)
('auc middle', 0.32630735673210387)
('TIME END', 137.768413066864)
[]
random stuff 2
('TIME START', 140.37744402885437)
(15L, 101L)
('auc middle', 0.32446359284454523)
('TIME END', 141.1823959350586)
('TIME START', 143.7499599456787)
(15L, 101L)
('auc middle', 0.31907265188390127)
('TIME END', 144.56175303459167)
('TIME START', 147.15726900100708)
(15L, 101L)
('auc middle', 0.31971763085399452)
('TIME END', 147.9732711315155)
('TIME START', 150.56562614440918)
(15L, 101L)
('auc middle', 0.31590233196159123)
('TIME END', 151.38135504722595)
[]
random stuff 2
('TIME START', 153.98778700828552)
(15L, 101L)
('auc middle', 0.32022180214240703)
('TIME END', 154.7983181476593)
('TIME START', 157.3804349899292)
(15L, 101L)
('auc middle', 0.3162963633620039)
('TIME END', 158.19662404060364)
('TIME START', 160.7594120502472)
(15L, 101L)
('auc middle', 0.31203433641975309)
('TIME END', 161.57499814033508)
('TIME START', 164.1582441329956)
(15L, 101L)
('auc middle', 0.31292591050025453)
('TIME END', 164.97312712669373)
('TIME START', 167.55694007873535)
(15L, 101L)
('auc middle', 0.3115918222222222)
('TIME END', 168.37964296340942)
('TIME START', 170.96887707710266)
(15L, 101L)
('auc middle', 0.31178298944850263)
('TIME END', 171.7896809577942)
('TIME START', 174.36061596870422)
(15L, 101L)
('auc middle', 0.31053813280736353)
('TIME END', 175.18949007987976)
[]
random stuff 2
('TIME START', 177.79710912704468)
(15L, 101L)
('auc middle', 0.31117408330366675)
('TIME END', 178.62330794334412)
('TIME START', 181.19993996620178)
(15L, 101L)
('auc middle', 0.30858405730833716)
('TIME END', 182.04242396354675)
('TIME START', 184.64862513542175)
(15L, 101L)
('auc middle', 0.30661024793388431)
('TIME END', 185.48917412757874)
('TIME START', 188.07247710227966)
(15L, 101L)
('auc middle', 0.30678939909297054)
('TIME END', 188.9108669757843)
('TIME START', 191.48407411575317)
(15L, 101L)
('auc middle', 0.30849697342772131)
('TIME END', 192.32262706756592)
[]
random stuff 2
('TIME START', 194.97557592391968)
(15L, 101L)
('auc middle', 0.31126859558726389)
('TIME END', 195.81230902671814)
('TIME START', 198.38643097877502)
(15L, 101L)
('auc middle', 0.31441080149382361)
('TIME END', 199.23686599731445)
('TIME START', 201.80148911476135)
(15L, 101L)
('auc middle', 0.31355234567901236)
('TIME END', 202.64623403549194)
('TIME START', 205.22257494926453)
(15L, 101L)
('auc middle', 0.31376153363791087)
('TIME END', 206.07555603981018)
('TIME START', 208.6470069885254)
(15L, 101L)
('auc middle', 0.31390496011099556)
('TIME END', 209.49288702011108)
('TIME START', 212.06122303009033)
(15L, 101L)
('auc middle', 0.31176327650401719)
('TIME END', 212.91766715049744)
('TIME START', 215.48679614067078)
(15L, 101L)
('auc middle', 0.31454058159722215)
('TIME END', 216.33423709869385)
('TIME START', 218.92246103286743)
(15L, 101L)
('auc middle', 0.31332565417488495)
('TIME END', 219.7782039642334)
('TIME START', 222.3832221031189)
(15L, 101L)
('auc middle', 0.31617039077645137)
('TIME END', 223.2422640323639)
('TIME START', 225.81970310211182)
(15L, 101L)
('auc middle', 0.31647236454543204)
('TIME END', 226.6754641532898)
('TIME START', 229.2472641468048)
(15L, 101L)
('auc middle', 0.31732814302191464)
('TIME END', 230.1140959262848)
('TIME START', 232.6961691379547)
(15L, 101L)
('auc middle', 0.3174373264253541)
('TIME END', 233.55814409255981)
('TIME START', 236.12295699119568)
(15L, 101L)
('auc middle', 0.3184691156462584)
('TIME END', 236.993479013443)
('TIME START', 239.55868911743164)
(15L, 101L)
('auc middle', 0.31966073750799001)
('TIME END', 240.4270260334015)
('TIME START', 242.99648714065552)
(15L, 101L)
('auc middle', 0.31533179012345675)
('TIME END', 243.87241291999817)
('TIME START', 246.4460151195526)
(15L, 101L)
('auc middle', 0.31612985550759992)
('TIME END', 247.31792998313904)
('TIME START', 249.88887000083923)
(15L, 101L)
('auc middle', 0.31644152260368474)
('TIME END', 250.7622799873352)
('TIME START', 253.31835794448853)
(15L, 101L)
('auc middle', 0.31675275061728392)
('TIME END', 254.20244693756104)
('TIME START', 256.77408504486084)
(15L, 101L)
('auc middle', 0.31682825484764543)
('TIME END', 257.65146803855896)
('TIME START', 258.51378107070923)
(5L, 101L)
('auc middle', 0.31638328788543313)
('TIME END', 258.9256889820099)
('AUC DONE', 0.31638328788543313)
TEST DATA
[]
random stuff 2
('TIME START', 2.6096959114074707)
(15L, 101L)
('auc middle', 0.31582684304399522)
('TIME END', 3.4822769165039062)
('TIME START', 6.044403076171875)
(15L, 101L)
('auc middle', 0.31578205522861014)
('TIME END', 6.929781913757324)
('TIME START', 9.471299886703491)
(15L, 101L)
('auc middle', 0.31442779464727066)
('TIME END', 10.355340957641602)
('TIME START', 12.934555053710938)
(15L, 101L)
('auc middle', 0.31544043663160076)
('TIME END', 13.822854042053223)
('TIME START', 16.398305892944336)
(15L, 101L)
('auc middle', 0.31693321687718357)
('TIME END', 17.29713797569275)
('TIME START', 19.86929988861084)
(15L, 101L)
('auc middle', 0.31582212460456655)
('TIME END', 20.75994300842285)
('TIME START', 23.34629201889038)
(15L, 101L)
('auc middle', 0.31443302399999995)
('TIME END', 24.253512859344482)
[]
random stuff 2
('TIME START', 26.886173963546753)
(15L, 101L)
('auc middle', 0.31558987017450674)
('TIME END', 27.78754186630249)
('TIME START', 30.35882806777954)
(15L, 101L)
('auc middle', 0.31555419921874994)
('TIME END', 31.2562198638916)
[]
random stuff 2
('TIME START', 33.85856795310974)
(15L, 101L)
('auc middle', 0.31580316333984282)
('TIME END', 34.770309925079346)
('TIME START', 37.335005044937134)
(15L, 101L)
('auc middle', 0.31500879902103601)
('TIME END', 38.238863945007324)
('TIME START', 40.78938388824463)
(15L, 101L)
('auc middle', 0.3139562264150943)
('TIME END', 41.6993670463562)
('TIME START', 44.25761389732361)
(15L, 101L)
('auc middle', 0.31615159278235688)
('TIME END', 45.16182589530945)
('TIME START', 47.75022101402283)
(15L, 101L)
('auc middle', 0.31631072561648127)
('TIME END', 48.66355800628662)
('TIME START', 51.235475063323975)
(15L, 101L)
('auc middle', 0.31513559592945811)
('TIME END', 52.146915912628174)
('TIME START', 54.71599006652832)
(15L, 101L)
('auc middle', 0.31743742261726332)
('TIME END', 55.62849807739258)
('TIME START', 58.2125449180603)
(15L, 101L)
('auc middle', 0.31742183673469382)
('TIME END', 59.13263988494873)
('TIME START', 61.699706077575684)
(15L, 101L)
('auc middle', 0.31580416786325211)
('TIME END', 62.616941928863525)
('TIME START', 65.1976900100708)
(15L, 101L)
('auc middle', 0.31725482908699698)
('TIME END', 66.12568593025208)
('TIME START', 68.68632388114929)
(15L, 101L)
('auc middle', 0.31727512841081884)
('TIME END', 69.60849189758301)
('TIME START', 72.19201588630676)
(15L, 101L)
('auc middle', 0.3168647963970726)
('TIME END', 73.11467504501343)
('TIME START', 75.68874788284302)
(15L, 101L)
('auc middle', 0.31601806377477731)
('TIME END', 76.62516403198242)
[]
random stuff 2
('TIME START', 79.20430588722229)
(15L, 101L)
('auc middle', 0.31561902616999232)
('TIME END', 80.13883399963379)
('TIME START', 82.69729995727539)
(15L, 101L)
('auc middle', 0.31554185936137574)
('TIME END', 83.63287806510925)
('TIME START', 86.19233989715576)
(15L, 101L)
('auc middle', 0.31666533933517999)
('TIME END', 87.1263599395752)
('TIME START', 89.692617893219)
(15L, 101L)
('auc middle', 0.31589385563772554)
('TIME END', 90.63105607032776)
('TIME START', 93.17761397361755)
(15L, 101L)
('auc middle', 0.31480466181061389)
('TIME END', 94.12746405601501)
('TIME START', 96.6919059753418)
(15L, 101L)
('auc middle', 0.31402178240055534)
('TIME END', 97.6335620880127)
('TIME START', 100.2049560546875)
(15L, 101L)
('auc middle', 0.31360831597500399)
('TIME END', 101.15313506126404)
('TIME START', 103.71836686134338)
(15L, 101L)
('auc middle', 0.31362844311671456)
('TIME END', 104.66105794906616)
('TIME START', 107.23661303520203)
(15L, 101L)
('auc middle', 0.31195432274989393)
('TIME END', 108.18367505073547)
('TIME START', 110.74883890151978)
(15L, 101L)
('auc middle', 0.3100572023668639)
('TIME END', 111.71341300010681)
('TIME START', 114.28260493278503)
(15L, 101L)
('auc middle', 0.30879974717430103)
('TIME END', 115.23196506500244)
('TIME START', 117.80056190490723)
(15L, 101L)
('auc middle', 0.30884844059473709)
('TIME END', 118.76112198829651)
[]
random stuff 2
[]
random stuff 2
('TIME START', 121.50451588630676)
(15L, 101L)
('auc middle', 0.30842324930976367)
('TIME END', 122.46587705612183)
('TIME START', 125.02548694610596)
(15L, 101L)
('auc middle', 0.30879349118157245)
('TIME END', 125.9842369556427)
('TIME START', 128.56232595443726)
(15L, 101L)
('auc middle', 0.30747716262975777)
('TIME END', 129.5302619934082)
('TIME START', 132.11275601387024)
(15L, 101L)
('auc middle', 0.30849567782131593)
('TIME END', 133.074471950531)
('TIME START', 135.64363288879395)
(15L, 101L)
('auc middle', 0.30831755153864143)
('TIME END', 137.79534888267517)
('TIME START', 140.39916586875916)
(15L, 101L)
('auc middle', 0.30687603550052955)
('TIME END', 141.37801003456116)
('TIME START', 143.94694209098816)
(15L, 101L)
('auc middle', 0.30648405216942148)
('TIME END', 144.92460989952087)
('TIME START', 147.51347589492798)
(15L, 101L)
('auc middle', 0.30669819480261856)
('TIME END', 148.48481798171997)
('TIME START', 151.04942297935486)
(15L, 101L)
('auc middle', 0.30792459661059268)
('TIME END', 152.0310070514679)
('TIME START', 154.59547185897827)
(15L, 101L)
('auc middle', 0.3089522026381013)
('TIME END', 155.58076906204224)
[]
random stuff 2
('TIME START', 158.2518470287323)
(15L, 101L)
('auc middle', 0.30869146238377004)
('TIME END', 159.2281138896942)
('TIME START', 161.78733801841736)
(15L, 101L)
('auc middle', 0.30924912947605226)
('TIME END', 162.774719953537)
('TIME START', 165.34229397773743)
(15L, 101L)
('auc middle', 0.30945268078889698)
('TIME END', 166.32978987693787)
('TIME START', 168.90328097343445)
(15L, 101L)
('auc middle', 0.30892302826872903)
('TIME END', 169.8859899044037)
('TIME START', 172.4564929008484)
(15L, 101L)
('auc middle', 0.30896480307831597)
('TIME END', 173.4480390548706)
('TIME START', 176.01108503341675)
(15L, 101L)
('auc middle', 0.30847710611872653)
('TIME END', 176.9975700378418)
('TIME START', 179.59351992607117)
(15L, 101L)
('auc middle', 0.30958641484608423)
('TIME END', 180.60848999023438)
('TIME START', 183.23184990882874)
(15L, 101L)
('auc middle', 0.30913635351661323)
('TIME END', 184.23645186424255)
('TIME START', 186.81166887283325)
(15L, 101L)
('auc middle', 0.30884190668508871)
('TIME END', 187.80654096603394)
('TIME START', 190.38123893737793)
(15L, 101L)
('auc middle', 0.31021372178360945)
('TIME END', 191.38484001159668)
[]
random stuff 2
('TIME START', 193.98272705078125)
(15L, 101L)
('auc middle', 0.3118309155092891)
('TIME END', 194.98528909683228)
('TIME START', 197.56391787528992)
(15L, 101L)
('auc middle', 0.31216395002823444)
('TIME END', 198.56444907188416)
('TIME START', 201.1333520412445)
(15L, 101L)
('auc middle', 0.31387019999999999)
('TIME END', 202.14154601097107)
('TIME START', 204.71757102012634)
(15L, 101L)
('auc middle', 0.31415446188326995)
('TIME END', 205.72230792045593)
('TIME START', 208.29353499412537)
(15L, 101L)
('auc middle', 0.31438278046057894)
('TIME END', 209.