Parsing embeddings...
0
10000
20000
30000
40000
50000
60000
70000
80000
90000
100000
Parsing Ubuntu data...
Parsing Android data...
42970
42970
Namespace(batch_size=60, cuda=True, epochs=10, lambda_val=0.01, lr=0.0001, lr_domain=0.0001, margin=0.1, model='lstm', num_training_samples=12724, weight=0.001)
0.01
Parsing Ubuntu data...
Parsing Android data...
()
Running model...
epoch: 0
(60L, 300L)
backprop
('FEATURE LOSS', 0.07938098907470703)
('DOMAIN LOSS', 0.688730001449585)
(60L, 300L)
backprop
('FEATURE LOSS', 0.08626558631658554)
('DOMAIN LOSS', 0.6836954951286316)
(60L, 300L)
backprop
('FEATURE LOSS', 0.07803308963775635)
('DOMAIN LOSS', 0.6867419481277466)
(60L, 300L)
backprop
('FEATURE LOSS', 0.0782836452126503)
('DOMAIN LOSS', 0.6832798719406128)
(60L, 300L)
backprop
('FEATURE LOSS', 0.07436620444059372)
('DOMAIN LOSS', 0.6835271120071411)
(60L, 300L)
backprop
('FEATURE LOSS', 0.0840776115655899)
('DOMAIN LOSS', 0.6762876510620117)
(60L, 300L)
backprop
('FEATURE LOSS', 0.08218485862016678)
('DOMAIN LOSS', 0.6781346797943115)
(60L, 300L)
backprop
('FEATURE LOSS', 0.08090000599622726)
('DOMAIN LOSS', 0.6702826023101807)
(60L, 300L)
backprop
('FEATURE LOSS', 0.07125980406999588)
('DOMAIN LOSS', 0.6818884611129761)
(60L, 300L)
backprop
('FEATURE LOSS', 0.07292288541793823)
('DOMAIN LOSS', 0.681470513343811)
(60L, 300L)
backprop
('FEATURE LOSS', 0.08078926801681519)
('DOMAIN LOSS', 0.6668174862861633)
(60L, 300L)
backprop
('FEATURE LOSS', 0.07522382587194443)
('DOMAIN LOSS', 0.6656020879745483)
(60L, 300L)
backprop
('FEATURE LOSS', 0.08446738868951797)
('DOMAIN LOSS', 0.659496545791626)
(60L, 300L)
backprop
('FEATURE LOSS', 0.07504945993423462)
('DOMAIN LOSS', 0.671082079410553)
(60L, 300L)
backprop
('FEATURE LOSS', 0.06914997845888138)
('DOMAIN LOSS', 0.6743553876876831)
(60L, 300L)
backprop
('FEATURE LOSS', 0.08691194653511047)
('DOMAIN LOSS', 0.6551596522331238)
(60L, 300L)
backprop
('FEATURE LOSS', 0.07384145259857178)
('DOMAIN LOSS', 0.6635560393333435)
(60L, 300L)
backprop
('FEATURE LOSS', 0.07560357451438904)
('DOMAIN LOSS', 0.664474368095398)
(60L, 300L)
backprop
('FEATURE LOSS', 0.0765048936009407)
('DOMAIN LOSS', 0.666000485420227)
(60L, 300L)
backprop
('FEATURE LOSS', 0.07101953029632568)
('DOMAIN LOSS', 0.6683967709541321)
(60L, 300L)
backprop
('FEATURE LOSS', 0.067157082259655)
('DOMAIN LOSS', 0.6709631681442261)
(60L, 300L)
backprop
('FEATURE LOSS', 0.0756581723690033)
('DOMAIN LOSS', 0.6508566737174988)
(60L, 300L)
backprop
('FEATURE LOSS', 0.07907930761575699)
('DOMAIN LOSS', 0.650795578956604)
(60L, 300L)
backprop
('FEATURE LOSS', 0.06889857351779938)
('DOMAIN LOSS', 0.6857906579971313)
(60L, 300L)
backprop
('FEATURE LOSS', 0.06988890469074249)
('DOMAIN LOSS', 0.6651575565338135)
(60L, 300L)
backprop
('FEATURE LOSS', 0.088104747235775)
('DOMAIN LOSS', 0.6428602337837219)
(60L, 300L)
backprop
('FEATURE LOSS', 0.07970042526721954)
('DOMAIN LOSS', 0.6495364904403687)
(60L, 300L)
backprop
('FEATURE LOSS', 0.08050873875617981)
('DOMAIN LOSS', 0.6299200654029846)
(60L, 300L)
backprop
('FEATURE LOSS', 0.08532984554767609)
('DOMAIN LOSS', 0.6440462470054626)
(60L, 300L)
backprop
('FEATURE LOSS', 0.0699600800871849)
('DOMAIN LOSS', 0.6680811047554016)
(60L, 300L)
backprop
('FEATURE LOSS', 0.0795922577381134)
('DOMAIN LOSS', 0.6476729512214661)
(60L, 300L)
backprop
('FEATURE LOSS', 0.07213682681322098)
('DOMAIN LOSS', 0.6693097352981567)
(60L, 300L)
backprop
('FEATURE LOSS', 0.069869764149189)
('DOMAIN LOSS', 0.6553679704666138)
(60L, 300L)
backprop
('FEATURE LOSS', 0.07216400653123856)
('DOMAIN LOSS', 0.6468526124954224)
(60L, 300L)
backprop
('FEATURE LOSS', 0.08317919820547104)
('DOMAIN LOSS', 0.6106136441230774)
(60L, 300L)
backprop
('FEATURE LOSS', 0.06786070019006729)
('DOMAIN LOSS', 0.6755794882774353)
[]
(60L, 300L)
backprop
('FEATURE LOSS', 0.07218118757009506)
('DOMAIN LOSS', 0.6453188061714172)
(60L, 300L)
backprop
('FEATURE LOSS', 0.06890994310379028)
('DOMAIN LOSS', 0.648910641670227)
(60L, 300L)
backprop
('FEATURE LOSS', 0.06212694197893143)
('DOMAIN LOSS', 0.6702214479446411)
(60L, 300L)
backprop
('FEATURE LOSS', 0.07312710583209991)
('DOMAIN LOSS', 0.6399239301681519)
(60L, 300L)
backprop
('FEATURE LOSS', 0.06963490694761276)
('DOMAIN LOSS', 0.6398434042930603)
(60L, 300L)
backprop
('FEATURE LOSS', 0.06974686682224274)
('DOMAIN LOSS', 0.6485834121704102)
(60L, 300L)
backprop
('FEATURE LOSS', 0.0722142904996872)
('DOMAIN LOSS', 0.6490767002105713)
(60L, 300L)
backprop
('FEATURE LOSS', 0.07512801140546799)
('DOMAIN LOSS', 0.6378230452537537)
(60L, 300L)
backprop
('FEATURE LOSS', 0.06959814578294754)
('DOMAIN LOSS', 0.6452415585517883)
(60L, 300L)
backprop
('FEATURE LOSS', 0.07267685979604721)
('DOMAIN LOSS', 0.6302523016929626)
(60L, 300L)
backprop
('FEATURE LOSS', 0.07196226716041565)
('DOMAIN LOSS', 0.6392271518707275)
(60L, 300L)
backprop
('FEATURE LOSS', 0.07173176854848862)
('DOMAIN LOSS', 0.6346535086631775)
(60L, 300L)
backprop
('FEATURE LOSS', 0.07792337238788605)
('DOMAIN LOSS', 0.6145154237747192)
(60L, 300L)
backprop
('FEATURE LOSS', 0.06835031509399414)
('DOMAIN LOSS', 0.6360422968864441)
(60L, 300L)
backprop
('FEATURE LOSS', 0.07478753477334976)
('DOMAIN LOSS', 0.643059492111206)
(60L, 300L)
backprop
('FEATURE LOSS', 0.07075438648462296)
('DOMAIN LOSS', 0.6250745058059692)
(60L, 300L)
backprop
('FEATURE LOSS', 0.07453975081443787)
('DOMAIN LOSS', 0.6117590665817261)
(60L, 300L)
backprop
('FEATURE LOSS', 0.08302990347146988)
('DOMAIN LOSS', 0.6087547540664673)
(60L, 300L)
backprop
('FEATURE LOSS', 0.0767766535282135)
('DOMAIN LOSS', 0.5977513790130615)
(60L, 300L)
backprop
('FEATURE LOSS', 0.07408994436264038)
('DOMAIN LOSS', 0.6361237168312073)
(60L, 300L)
backprop
('FEATURE LOSS', 0.06378038972616196)
('DOMAIN LOSS', 0.6499443650245667)
(60L, 300L)
backprop
('FEATURE LOSS', 0.07601793110370636)
('DOMAIN LOSS', 0.5995452404022217)
(60L, 300L)
backprop
('FEATURE LOSS', 0.06621672213077545)
('DOMAIN LOSS', 0.6418644189834595)
(60L, 300L)
backprop
('FEATURE LOSS', 0.08054232597351074)
('DOMAIN LOSS', 0.640421986579895)
(60L, 300L)
backprop
('FEATURE LOSS', 0.06874139606952667)
('DOMAIN LOSS', 0.6401623487472534)
(60L, 300L)
backprop
('FEATURE LOSS', 0.06956246495246887)
('DOMAIN LOSS', 0.6186178922653198)
(60L, 300L)
backprop
('FEATURE LOSS', 0.07108103483915329)
('DOMAIN LOSS', 0.6187639236450195)
(60L, 300L)
backprop
('FEATURE LOSS', 0.06591801345348358)
('DOMAIN LOSS', 0.6316325068473816)
(60L, 300L)
backprop
('FEATURE LOSS', 0.07111450284719467)
('DOMAIN LOSS', 0.6221720576286316)
(60L, 300L)
backprop
('FEATURE LOSS', 0.07940186560153961)
('DOMAIN LOSS', 0.5667797327041626)
(60L, 300L)
backprop
('FEATURE LOSS', 0.06498676538467407)
('DOMAIN LOSS', 0.6342394351959229)
(60L, 300L)
backprop
('FEATURE LOSS', 0.07234614342451096)
('DOMAIN LOSS', 0.6082852482795715)
(60L, 300L)
backprop
('FEATURE LOSS', 0.0754699632525444)
('DOMAIN LOSS', 0.582891583442688)
(60L, 300L)
backprop
('FEATURE LOSS', 0.06904847174882889)
('DOMAIN LOSS', 0.6137725114822388)
(60L, 300L)
backprop
('FEATURE LOSS', 0.07485518604516983)
('DOMAIN LOSS', 0.5970824360847473)
[]
(60L, 300L)
backprop
('FEATURE LOSS', 0.07633554190397263)
('DOMAIN LOSS', 0.5801963806152344)
(60L, 300L)
backprop
('FEATURE LOSS', 0.07168728113174438)
('DOMAIN LOSS', 0.5946953296661377)
(60L, 300L)
backprop
('FEATURE LOSS', 0.06809862703084946)
('DOMAIN LOSS', 0.6055715084075928)
(60L, 300L)
backprop
('FEATURE LOSS', 0.07269442081451416)
('DOMAIN LOSS', 0.5760418772697449)
(60L, 300L)
backprop
('FEATURE LOSS', 0.0698300376534462)
('DOMAIN LOSS', 0.62138432264328)
(60L, 300L)
backprop
('FEATURE LOSS', 0.07012016326189041)
('DOMAIN LOSS', 0.6004528403282166)
[]
(60L, 300L)
backprop
('FEATURE LOSS', 0.07091953605413437)
('DOMAIN LOSS', 0.6021886467933655)
(60L, 300L)
backprop
('FEATURE LOSS', 0.06834475696086884)
('DOMAIN LOSS', 0.6038186550140381)
(60L, 300L)
backprop
('FEATURE LOSS', 0.07173407822847366)
('DOMAIN LOSS', 0.5964199304580688)
(60L, 300L)
backprop
('FEATURE LOSS', 0.06773233413696289)
('DOMAIN LOSS', 0.6073450446128845)
(60L, 300L)
backprop
('FEATURE LOSS', 0.0725509449839592)
('DOMAIN LOSS', 0.5724577307701111)
(60L, 300L)
backprop
('FEATURE LOSS', 0.07210986316204071)
('DOMAIN LOSS', 0.5818508267402649)
(60L, 300L)
backprop
('FEATURE LOSS', 0.07543157786130905)
('DOMAIN LOSS', 0.5627985000610352)
(60L, 300L)
backprop
('FEATURE LOSS', 0.06239062920212746)
('DOMAIN LOSS', 0.6405516862869263)
(60L, 300L)
backprop
('FEATURE LOSS', 0.06656981259584427)
('DOMAIN LOSS', 0.5907461047172546)
(60L, 300L)
backprop
('FEATURE LOSS', 0.06814893335103989)
('DOMAIN LOSS', 0.5995737910270691)
(60L, 300L)
backprop
('FEATURE LOSS', 0.06804961711168289)
('DOMAIN LOSS', 0.6065912246704102)
(60L, 300L)
backprop
('FEATURE LOSS', 0.0736321285367012)
('DOMAIN LOSS', 0.5837171673774719)
(60L, 300L)
backprop
('FEATURE LOSS', 0.0673815906047821)
('DOMAIN LOSS', 0.6006537079811096)
[]
(60L, 300L)
backprop
('FEATURE LOSS', 0.0668291300535202)
('DOMAIN LOSS', 0.6230732798576355)
(60L, 300L)
backprop
('FEATURE LOSS', 0.07383736222982407)
('DOMAIN LOSS', 0.5669718980789185)
(60L, 300L)
backprop
('FEATURE LOSS', 0.06169958412647247)
('DOMAIN LOSS', 0.6365252733230591)
(60L, 300L)
backprop
('FEATURE LOSS', 0.07434878498315811)
('DOMAIN LOSS', 0.5413270592689514)
(60L, 300L)
backprop
('FEATURE LOSS', 0.06870254874229431)
('DOMAIN LOSS', 0.60295170545578)
(60L, 300L)
backprop
('FEATURE LOSS', 0.0819053202867508)
('DOMAIN LOSS', 0.5418612360954285)
(60L, 300L)
backprop
('FEATURE LOSS', 0.06615446507930756)
('DOMAIN LOSS', 0.6168131232261658)
(60L, 300L)
backprop
('FEATURE LOSS', 0.0718032643198967)
('DOMAIN LOSS', 0.5707428455352783)
(60L, 300L)
backprop
('FEATURE LOSS', 0.07000332325696945)
('DOMAIN LOSS', 0.5736626982688904)
(60L, 300L)
backprop
('FEATURE LOSS', 0.07220049202442169)
('DOMAIN LOSS', 0.5798186659812927)
(60L, 300L)
backprop
('FEATURE LOSS', 0.06835910677909851)
('DOMAIN LOSS', 0.5818052887916565)
(60L, 300L)
backprop
('FEATURE LOSS', 0.06562117487192154)
('DOMAIN LOSS', 0.6020678281784058)
(60L, 300L)
backprop
('FEATURE LOSS', 0.07667563110589981)
('DOMAIN LOSS', 0.515272319316864)
(60L, 300L)
backprop
('FEATURE LOSS', 0.06636941432952881)
('DOMAIN LOSS', 0.59831303358078)
(60L, 300L)
backprop
('FEATURE LOSS', 0.07921981811523438)
('DOMAIN LOSS', 0.49521106481552124)
[]
(60L, 300L)
backprop
('FEATURE LOSS', 0.06833575665950775)
('DOMAIN LOSS', 0.6034088134765625)
(60L, 300L)
backprop
('FEATURE LOSS', 0.06621598452329636)
('DOMAIN LOSS', 0.6013559103012085)
(60L, 300L)
backprop
('FEATURE LOSS', 0.06825916469097137)
('DOMAIN LOSS', 0.5699424147605896)
(60L, 300L)
backprop
('FEATURE LOSS', 0.0643027275800705)
('DOMAIN LOSS', 0.6173557043075562)
(60L, 300L)
backprop
('FEATURE LOSS', 0.0732589140534401)
('DOMAIN LOSS', 0.5424656271934509)
(60L, 300L)
backprop
('FEATURE LOSS', 0.07120544463396072)
('DOMAIN LOSS', 0.529496967792511)
(60L, 300L)
backprop
('FEATURE LOSS', 0.0664941594004631)
('DOMAIN LOSS', 0.5745534300804138)
(60L, 300L)
backprop
('FEATURE LOSS', 0.0736483633518219)
('DOMAIN LOSS', 0.5287811160087585)
(60L, 300L)
backprop
('FEATURE LOSS', 0.06932549178600311)
('DOMAIN LOSS', 0.5574684739112854)
(60L, 300L)
backprop
('FEATURE LOSS', 0.07059435546398163)
('DOMAIN LOSS', 0.5890617370605469)
(60L, 300L)
backprop
('FEATURE LOSS', 0.06916802376508713)
('DOMAIN LOSS', 0.5644806623458862)
(60L, 300L)
backprop
('FEATURE LOSS', 0.07018029689788818)
('DOMAIN LOSS', 0.590415894985199)
[]
(60L, 300L)
backprop
('FEATURE LOSS', 0.07780355215072632)
('DOMAIN LOSS', 0.4898547828197479)
(60L, 300L)
backprop
('FEATURE LOSS', 0.07004095613956451)
('DOMAIN LOSS', 0.5681250095367432)
(60L, 300L)
backprop
('FEATURE LOSS', 0.07123824954032898)
('DOMAIN LOSS', 0.528652012348175)
(60L, 300L)
backprop
('FEATURE LOSS', 0.07259893417358398)
('DOMAIN LOSS', 0.5601928234100342)
(60L, 300L)
backprop
('FEATURE LOSS', 0.07179493457078934)
('DOMAIN LOSS', 0.534147322177887)
(60L, 300L)
backprop
('FEATURE LOSS', 0.06481007486581802)
('DOMAIN LOSS', 0.5711190700531006)
(60L, 300L)
backprop
('FEATURE LOSS', 0.07034842669963837)
('DOMAIN LOSS', 0.5480594635009766)
(60L, 300L)
backprop
('FEATURE LOSS', 0.06344969570636749)
('DOMAIN LOSS', 0.6019715070724487)
[]
(60L, 300L)
backprop
('FEATURE LOSS', 0.06690918654203415)
('DOMAIN LOSS', 0.571077287197113)
(60L, 300L)
backprop
('FEATURE LOSS', 0.08064444363117218)
('DOMAIN LOSS', 0.4309282898902893)
(60L, 300L)
backprop
('FEATURE LOSS', 0.07138737291097641)
('DOMAIN LOSS', 0.5536273717880249)
(60L, 300L)
backprop
('FEATURE LOSS', 0.06327173113822937)
('DOMAIN LOSS', 0.5645238161087036)
(60L, 300L)
backprop
('FEATURE LOSS', 0.07547067850828171)
('DOMAIN LOSS', 0.47663459181785583)
(60L, 300L)
backprop
('FEATURE LOSS', 0.06299520283937454)
('DOMAIN LOSS', 0.5842844843864441)
(60L, 300L)
backprop
('FEATURE LOSS', 0.06876268237829208)
('DOMAIN LOSS', 0.5988603234291077)
(60L, 300L)
backprop
('FEATURE LOSS', 0.06808400899171829)
('DOMAIN LOSS', 0.5411592125892639)
(60L, 300L)
backprop
('FEATURE LOSS', 0.07706807553768158)
('DOMAIN LOSS', 0.461791068315506)
(60L, 300L)
backprop
('FEATURE LOSS', 0.05805638059973717)
('DOMAIN LOSS', 0.6378766298294067)
(60L, 300L)
backprop
('FEATURE LOSS', 0.07344657927751541)
('DOMAIN LOSS', 0.4918024241924286)
(60L, 300L)
backprop
('FEATURE LOSS', 0.07343723624944687)
('DOMAIN LOSS', 0.4927150011062622)
(60L, 300L)
backprop
('FEATURE LOSS', 0.06590279191732407)
('DOMAIN LOSS', 0.575025737285614)
(60L, 300L)
backprop
('FEATURE LOSS', 0.07305396348237991)
('DOMAIN LOSS', 0.5004741549491882)
(60L, 300L)
backprop
('FEATURE LOSS', 0.06643854081630707)
('DOMAIN LOSS', 0.5670614838600159)
(60L, 300L)
backprop
('FEATURE LOSS', 0.07186709344387054)
('DOMAIN LOSS', 0.547176718711853)
(60L, 300L)
backprop
('FEATURE LOSS', 0.06878391653299332)
('DOMAIN LOSS', 0.5265557765960693)
(60L, 300L)
backprop
('FEATURE LOSS', 0.05960480868816376)
('DOMAIN LOSS', 0.6010210514068604)
(60L, 300L)
backprop
('FEATURE LOSS', 0.06005395948886871)
('DOMAIN LOSS', 0.5975037813186646)
(60L, 300L)
backprop
('FEATURE LOSS', 0.07595103234052658)
('DOMAIN LOSS', 0.4513910114765167)
(60L, 300L)
backprop
('FEATURE LOSS', 0.07047750800848007)
('DOMAIN LOSS', 0.5373381972312927)
(60L, 300L)
backprop
('FEATURE LOSS', 0.06793099641799927)
('DOMAIN LOSS', 0.5589709877967834)
(60L, 300L)
backprop
('FEATURE LOSS', 0.06915586441755295)
('DOMAIN LOSS', 0.5427850484848022)
(60L, 300L)
backprop
('FEATURE LOSS', 0.06851993501186371)
('DOMAIN LOSS', 0.5281857848167419)
(60L, 300L)
backprop
('FEATURE LOSS', 0.060280319303274155)
('DOMAIN LOSS', 0.5919247269630432)
(60L, 300L)
backprop
('FEATURE LOSS', 0.07398855686187744)
('DOMAIN LOSS', 0.4486753046512604)
(60L, 300L)
backprop
('FEATURE LOSS', 0.06680482625961304)
('DOMAIN LOSS', 0.5274254679679871)
[]
(60L, 300L)
backprop
('FEATURE LOSS', 0.06967076659202576)
('DOMAIN LOSS', 0.49250495433807373)
[]
[]
(60L, 300L)
backprop
('FEATURE LOSS', 0.07326631247997284)
('DOMAIN LOSS', 0.5359668135643005)
(60L, 300L)
backprop
('FEATURE LOSS', 0.07368221133947372)
('DOMAIN LOSS', 0.48351559042930603)
(60L, 300L)
backprop
('FEATURE LOSS', 0.0640736073255539)
('DOMAIN LOSS', 0.577173113822937)
(60L, 300L)
backprop
('FEATURE LOSS', 0.06790412962436676)
('DOMAIN LOSS', 0.5120000839233398)
(60L, 300L)
backprop
('FEATURE LOSS', 0.06777489930391312)
('DOMAIN LOSS', 0.5456270575523376)
(60L, 300L)
backprop
('FEATURE LOSS', 0.07331299036741257)
('DOMAIN LOSS', 0.44434836506843567)
(60L, 300L)
backprop
('FEATURE LOSS', 0.06162858009338379)
('DOMAIN LOSS', 0.5898032784461975)
(60L, 300L)
backprop
('FEATURE LOSS', 0.06996411085128784)
('DOMAIN LOSS', 0.47931239008903503)
(60L, 300L)
backprop
('FEATURE LOSS', 0.07086465507745743)
('DOMAIN LOSS', 0.5213701725006104)
(60L, 300L)
backprop
('FEATURE LOSS', 0.06686335057020187)
('DOMAIN LOSS', 0.5298579335212708)
[]
(60L, 300L)
backprop
('FEATURE LOSS', 0.05299213528633118)
('DOMAIN LOSS', 0.6446329951286316)
(60L, 300L)
backprop
('FEATURE LOSS', 0.07076223194599152)
('DOMAIN LOSS', 0.5199043154716492)
[]
(60L, 300L)
backprop
('FEATURE LOSS', 0.06627853959798813)
('DOMAIN LOSS', 0.5403653979301453)
(60L, 300L)
backprop
('FEATURE LOSS', 0.066478431224823)
('DOMAIN LOSS', 0.5232943892478943)
(60L, 300L)
backprop
('FEATURE LOSS', 0.07294117659330368)
('DOMAIN LOSS', 0.5171895027160645)
(60L, 300L)
backprop
('FEATURE LOSS', 0.07360899448394775)
('DOMAIN LOSS', 0.4574199914932251)
(60L, 300L)
backprop
('FEATURE LOSS', 0.07365141808986664)
('DOMAIN LOSS', 0.48663491010665894)
(60L, 300L)
backprop
('FEATURE LOSS', 0.06382862478494644)
('DOMAIN LOSS', 0.5637559294700623)
(60L, 300L)
backprop
('FEATURE LOSS', 0.0651770606637001)
('DOMAIN LOSS', 0.5155709981918335)
(60L, 300L)
backprop
('FEATURE LOSS', 0.06069895997643471)
('DOMAIN LOSS', 0.5790212750434875)
(60L, 300L)
backprop
('FEATURE LOSS', 0.06287503242492676)
('DOMAIN LOSS', 0.5626644492149353)
(60L, 300L)
backprop
('FEATURE LOSS', 0.06498401612043381)
('DOMAIN LOSS', 0.5233384966850281)
(60L, 300L)
backprop
('FEATURE LOSS', 0.06762577593326569)
('DOMAIN LOSS', 0.5467273592948914)
(60L, 300L)
backprop
('FEATURE LOSS', 0.07136411219835281)
('DOMAIN LOSS', 0.47375285625457764)
(60L, 300L)
backprop
('FEATURE LOSS', 0.07103253901004791)
('DOMAIN LOSS', 0.48046979308128357)
(60L, 300L)
backprop
('FEATURE LOSS', 0.06485629826784134)
('DOMAIN LOSS', 0.5423728227615356)
(60L, 300L)
backprop
('FEATURE LOSS', 0.08327241986989975)
('DOMAIN LOSS', 0.3978915214538574)
(60L, 300L)
backprop
('FEATURE LOSS', 0.07884889841079712)
('DOMAIN LOSS', 0.439176470041275)
(60L, 300L)
backprop
('FEATURE LOSS', 0.0693846046924591)
('DOMAIN LOSS', 0.519442617893219)
(60L, 300L)
backprop
('FEATURE LOSS', 0.06888852268457413)
('DOMAIN LOSS', 0.5093600749969482)
(60L, 300L)
backprop
('FEATURE LOSS', 0.055181823670864105)
('DOMAIN LOSS', 0.5691844820976257)
(60L, 300L)
backprop
('FEATURE LOSS', 0.07007688283920288)
('DOMAIN LOSS', 0.5049707889556885)
(60L, 300L)
backprop
('FEATURE LOSS', 0.07487330585718155)
('DOMAIN LOSS', 0.5001364350318909)
(60L, 300L)
backprop
('FEATURE LOSS', 0.0663851797580719)
('DOMAIN LOSS', 0.5294224619865417)
(60L, 300L)
backprop
('FEATURE LOSS', 0.06548818945884705)
('DOMAIN LOSS', 0.5667263865470886)
(60L, 300L)
backprop
('FEATURE LOSS', 0.07843901962041855)
('DOMAIN LOSS', 0.4962156116962433)
(60L, 300L)
backprop
('FEATURE LOSS', 0.0691581517457962)
('DOMAIN LOSS', 0.5264756083488464)
(60L, 300L)
backprop
('FEATURE LOSS', 0.0643426775932312)
('DOMAIN LOSS', 0.5426275730133057)
(60L, 300L)
backprop
('FEATURE LOSS', 0.0797600969672203)
('DOMAIN LOSS', 0.3819498121738434)
(60L, 300L)
backprop
('FEATURE LOSS', 0.07137781381607056)
('DOMAIN LOSS', 0.46142321825027466)
(60L, 300L)
backprop
('FEATURE LOSS', 0.07744498550891876)
('DOMAIN LOSS', 0.4256840646266937)
(60L, 300L)
backprop
('FEATURE LOSS', 0.06607774645090103)
('DOMAIN LOSS', 0.48914921283721924)
(60L, 300L)
backprop
('FEATURE LOSS', 0.06399250775575638)
('DOMAIN LOSS', 0.5269327759742737)
(60L, 300L)
backprop
('FEATURE LOSS', 0.071893110871315)
('DOMAIN LOSS', 0.45485275983810425)
(60L, 300L)
backprop
('FEATURE LOSS', 0.06945354491472244)
('DOMAIN LOSS', 0.4963124990463257)
(60L, 300L)
backprop
('FEATURE LOSS', 0.0681663230061531)
('DOMAIN LOSS', 0.4815281927585602)
(60L, 300L)
backprop
('FEATURE LOSS', 0.07448006421327591)
('DOMAIN LOSS', 0.46727797389030457)
(60L, 300L)
backprop
('FEATURE LOSS', 0.06287728250026703)
('DOMAIN LOSS', 0.5539118051528931)
(60L, 300L)
backprop
('FEATURE LOSS', 0.06123560667037964)
('DOMAIN LOSS', 0.5756071209907532)
(60L, 300L)
backprop
('FEATURE LOSS', 0.06621254235506058)
('DOMAIN LOSS', 0.5369731187820435)
(60L, 300L)
backprop
('FEATURE LOSS', 0.07439461350440979)
('DOMAIN LOSS', 0.41430938243865967)
(60L, 300L)
backprop
('FEATURE LOSS', 0.06165674328804016)
('DOMAIN LOSS', 0.6010437607765198)
(60L, 300L)
backprop
('FEATURE LOSS', 0.07993202656507492)
('DOMAIN LOSS', 0.39425989985466003)
(60L, 300L)
backprop
('FEATURE LOSS', 0.06807373464107513)
('DOMAIN LOSS', 0.47972801327705383)
(60L, 300L)
backprop
('FEATURE LOSS', 0.0721709281206131)
('DOMAIN LOSS', 0.4763060212135315)
[]
(60L, 300L)
backprop
('FEATURE LOSS', 0.06943916529417038)
('DOMAIN LOSS', 0.4775148928165436)
(60L, 300L)
backprop
('FEATURE LOSS', 0.06800977885723114)
('DOMAIN LOSS', 0.5260152220726013)
(60L, 300L)
backprop
('FEATURE LOSS', 0.08136823773384094)
('DOMAIN LOSS', 0.39552900195121765)
(60L, 300L)
backprop
('FEATURE LOSS', 0.0711202397942543)
('DOMAIN LOSS', 0.4732484519481659)
(60L, 300L)
backprop
('FEATURE LOSS', 0.06921224296092987)
('DOMAIN LOSS', 0.48546603322029114)
(60L, 300L)
backprop
('FEATURE LOSS', 0.07273834943771362)
('DOMAIN LOSS', 0.49597546458244324)
(60L, 300L)
backprop
('FEATURE LOSS', 0.06970491260290146)
('DOMAIN LOSS', 0.4830113351345062)
(60L, 300L)
backprop
('FEATURE LOSS', 0.06546284258365631)
('DOMAIN LOSS', 0.4922155439853668)
(60L, 300L)
backprop
('FEATURE LOSS', 0.07156453281641006)
('DOMAIN LOSS', 0.4769110381603241)
(60L, 300L)
backprop
('FEATURE LOSS', 0.06508893519639969)
('DOMAIN LOSS', 0.5277209877967834)
(60L, 300L)
backprop
('FEATURE LOSS', 0.07704634219408035)
('DOMAIN LOSS', 0.42492273449897766)
(60L, 300L)
backprop
('FEATURE LOSS', 0.07321708649396896)
('DOMAIN LOSS', 0.47577372193336487)
(60L, 300L)
backprop
('FEATURE LOSS', 0.0757499635219574)
('DOMAIN LOSS', 0.42651575803756714)
(60L, 300L)
backprop
('FEATURE LOSS', 0.07164711505174637)
('DOMAIN LOSS', 0.4170587956905365)
(60L, 300L)
backprop
('FEATURE LOSS', 0.06067618355154991)
('DOMAIN LOSS', 0.5650327205657959)
(60L, 300L)
backprop
('FEATURE LOSS', 0.07122594863176346)
('DOMAIN LOSS', 0.47177818417549133)
(60L, 300L)
backprop
('FEATURE LOSS', 0.06053660064935684)
('DOMAIN LOSS', 0.5309270024299622)
(60L, 300L)
backprop
('FEATURE LOSS', 0.06798825412988663)
('DOMAIN LOSS', 0.5338543057441711)
(60L, 300L)
backprop
('FEATURE LOSS', 0.06304677575826645)
('DOMAIN LOSS', 0.5125386714935303)
(60L, 300L)
backprop
('FEATURE LOSS', 0.06907019764184952)
('DOMAIN LOSS', 0.4824923276901245)
(60L, 300L)
backprop
('FEATURE LOSS', 0.07107344269752502)
('DOMAIN LOSS', 0.4996965229511261)
(60L, 300L)
backprop
('FEATURE LOSS', 0.06966831535100937)
('DOMAIN LOSS', 0.5143410563468933)
(60L, 300L)
backprop
('FEATURE LOSS', 0.08073202520608902)
('DOMAIN LOSS', 0.3882223963737488)
(60L, 300L)
backprop
('FEATURE LOSS', 0.0651727020740509)
('DOMAIN LOSS', 0.5191859006881714)
(60L, 300L)
backprop
('FEATURE LOSS', 0.06777220964431763)
('DOMAIN LOSS', 0.491181880235672)
(60L, 300L)
backprop
('FEATURE LOSS', 0.06442470103502274)
('DOMAIN LOSS', 0.5418651103973389)
(60L, 300L)
backprop
('FEATURE LOSS', 0.07107467949390411)
('DOMAIN LOSS', 0.5042018890380859)
(60L, 300L)
backprop
('FEATURE LOSS', 0.07698329538106918)
('DOMAIN LOSS', 0.4659953713417053)
(60L, 300L)
backprop
('FEATURE LOSS', 0.07117308676242828)
('DOMAIN LOSS', 0.5273332595825195)
(60L, 300L)
backprop
('FEATURE LOSS', 0.06942576915025711)
('DOMAIN LOSS', 0.49328067898750305)
(60L, 300L)
backprop
('FEATURE LOSS', 0.07174084335565567)
('DOMAIN LOSS', 0.457491397857666)
(60L, 300L)
backprop
('FEATURE LOSS', 0.07741530984640121)
('DOMAIN LOSS', 0.393545925617218)
(60L, 300L)
backprop
('FEATURE LOSS', 0.07561393082141876)
('DOMAIN LOSS', 0.46531131863594055)
(60L, 300L)
backprop
('FEATURE LOSS', 0.06398051232099533)
('DOMAIN LOSS', 0.5555198192596436)
(60L, 300L)
backprop
('FEATURE LOSS', 0.07451316714286804)
('DOMAIN LOSS', 0.4181712865829468)
(60L, 300L)
backprop
('FEATURE LOSS', 0.06755156069993973)
('DOMAIN LOSS', 0.4811501204967499)
(60L, 300L)
backprop
('FEATURE LOSS', 0.05995459482073784)
('DOMAIN LOSS', 0.5686251521110535)
(60L, 300L)
backprop
('FEATURE LOSS', 0.06916621327400208)
('DOMAIN LOSS', 0.5325743556022644)
(60L, 300L)
backprop
('FEATURE LOSS', 0.06711984425783157)
('DOMAIN LOSS', 0.5515176057815552)
(60L, 300L)
backprop
('FEATURE LOSS', 0.06747126579284668)
('DOMAIN LOSS', 0.5506956577301025)
(60L, 300L)
backprop
('FEATURE LOSS', 0.07534457743167877)
('DOMAIN LOSS', 0.45642974972724915)
(60L, 300L)
backprop
('FEATURE LOSS', 0.07675974816083908)
('DOMAIN LOSS', 0.41384896636009216)
(60L, 300L)
backprop
('FEATURE LOSS', 0.07298678904771805)
('DOMAIN LOSS', 0.4971948564052582)
(60L, 300L)
backprop
('FEATURE LOSS', 0.06199733912944794)
('DOMAIN LOSS', 0.5977887511253357)
(60L, 300L)
backprop
('FEATURE LOSS', 0.06644728034734726)
('DOMAIN LOSS', 0.5236153602600098)
(60L, 300L)
backprop
('FEATURE LOSS', 0.06447425484657288)
('DOMAIN LOSS', 0.5910147428512573)
(60L, 300L)
backprop
('FEATURE LOSS', 0.06541639566421509)
('DOMAIN LOSS', 0.5944818258285522)
(60L, 300L)
backprop
('FEATURE LOSS', 0.06239193305373192)
('DOMAIN LOSS', 0.5565007328987122)
(60L, 300L)
backprop
('FEATURE LOSS', 0.07634616643190384)
('DOMAIN LOSS', 0.4597349762916565)
(60L, 300L)
backprop
('FEATURE LOSS', 0.06227266788482666)
('DOMAIN LOSS', 0.5755528807640076)
(60L, 300L)
backprop
('FEATURE LOSS', 0.06781401485204697)
('DOMAIN LOSS', 0.6069352626800537)
(60L, 300L)
backprop
('FEATURE LOSS', 0.0722876787185669)
('DOMAIN LOSS', 0.47721514105796814)
[]
(60L, 300L)
backprop
('FEATURE LOSS', 0.07196363061666489)
('DOMAIN LOSS', 0.4827321767807007)
(60L, 300L)
backprop
('FEATURE LOSS', 0.062239523977041245)
('DOMAIN LOSS', 0.6158955693244934)
(60L, 300L)
backprop
('FEATURE LOSS', 0.06874841451644897)
('DOMAIN LOSS', 0.5196214914321899)
(60L, 300L)
backprop
('FEATURE LOSS', 0.06915786862373352)
('DOMAIN LOSS', 0.5441541075706482)
(60L, 300L)
backprop
('FEATURE LOSS', 0.06906770169734955)
('DOMAIN LOSS', 0.5421807169914246)
(60L, 300L)
backprop
('FEATURE LOSS', 0.07585194706916809)
('DOMAIN LOSS', 0.49173054099082947)
(60L, 300L)
backprop
('FEATURE LOSS', 0.07184064388275146)
('DOMAIN LOSS', 0.5333124995231628)
(60L, 300L)
backprop
('FEATURE LOSS', 0.06633240729570389)
('DOMAIN LOSS', 0.5160906910896301)
(60L, 300L)
backprop
('FEATURE LOSS', 0.07660600543022156)
('DOMAIN LOSS', 0.4789696931838989)
(60L, 300L)
backprop
('FEATURE LOSS', 0.0706430971622467)
('DOMAIN LOSS', 0.5446071624755859)
(60L, 300L)
backprop
('FEATURE LOSS', 0.07142484933137894)
('DOMAIN LOSS', 0.5343942642211914)
(60L, 300L)
backprop
('FEATURE LOSS', 0.07492535561323166)
('DOMAIN LOSS', 0.47028642892837524)
(60L, 300L)
backprop
('FEATURE LOSS', 0.07278640568256378)
('DOMAIN LOSS', 0.5394102931022644)
(60L, 300L)
backprop
('FEATURE LOSS', 0.07521191239356995)
('DOMAIN LOSS', 0.48905855417251587)
(60L, 300L)
backprop
('FEATURE LOSS', 0.0678129494190216)
('DOMAIN LOSS', 0.5742208361625671)
(60L, 300L)
backprop
('FEATURE LOSS', 0.06914311647415161)
('DOMAIN LOSS', 0.5189600586891174)
[]
(60L, 300L)
backprop
('FEATURE LOSS', 0.0648534968495369)
('DOMAIN LOSS', 0.5644834637641907)
(60L, 300L)
backprop
('FEATURE LOSS', 0.06374260783195496)
('DOMAIN LOSS', 0.6033297777175903)
(60L, 300L)
backprop
('FEATURE LOSS', 0.06733331084251404)
('DOMAIN LOSS', 0.519722580909729)
(60L, 300L)
backprop
('FEATURE LOSS', 0.07178299874067307)
('DOMAIN LOSS', 0.5262737274169922)
(60L, 300L)
backprop
('FEATURE LOSS', 0.0678519457578659)
('DOMAIN LOSS', 0.556160032749176)
(60L, 300L)
backprop
('FEATURE LOSS', 0.07095132023096085)
('DOMAIN LOSS', 0.5577742457389832)
(60L, 300L)
backprop
('FEATURE LOSS', 0.07322674989700317)
('DOMAIN LOSS', 0.5330507159233093)
(60L, 300L)
backprop
('FEATURE LOSS', 0.07747749984264374)
('DOMAIN LOSS', 0.49409323930740356)
(60L, 300L)
backprop
('FEATURE LOSS', 0.07788582146167755)
('DOMAIN LOSS', 0.47853797674179077)
(60L, 300L)
backprop
('FEATURE LOSS', 0.06809557974338531)
('DOMAIN LOSS', 0.5719279050827026)
(60L, 300L)
backprop
('FEATURE LOSS', 0.06811965256929398)
('DOMAIN LOSS', 0.5642381906509399)
(60L, 300L)
backprop
('FEATURE LOSS', 0.062435220927000046)
('DOMAIN LOSS', 0.6544107794761658)
(60L, 300L)
backprop
('FEATURE LOSS', 0.06762508302927017)
('DOMAIN LOSS', 0.5698133707046509)
(60L, 300L)
backprop
('FEATURE LOSS', 0.059285588562488556)
('DOMAIN LOSS', 0.6238452196121216)
(60L, 300L)
backprop
('FEATURE LOSS', 0.06594554334878922)
('DOMAIN LOSS', 0.5899668335914612)
(60L, 300L)
backprop
('FEATURE LOSS', 0.06576871126890182)
('DOMAIN LOSS', 0.6564575433731079)
(60L, 300L)
backprop
('FEATURE LOSS', 0.06772919744253159)
('DOMAIN LOSS', 0.6168587803840637)
(60L, 300L)
backprop
('FEATURE LOSS', 0.06990445405244827)
('DOMAIN LOSS', 0.5797193050384521)
(60L, 300L)
backprop
('FEATURE LOSS', 0.07347425818443298)
('DOMAIN LOSS', 0.5632137656211853)
(60L, 300L)
backprop
('FEATURE LOSS', 0.06569987535476685)
('DOMAIN LOSS', 0.6430931091308594)
[]
(60L, 300L)
backprop
('FEATURE LOSS', 0.07474681735038757)
('DOMAIN LOSS', 0.5751359462738037)
(60L, 300L)
backprop
('FEATURE LOSS', 0.06904050707817078)
('DOMAIN LOSS', 0.5607293844223022)
(60L, 300L)
backprop
('FEATURE LOSS', 0.07848303765058517)
('DOMAIN LOSS', 0.5107706189155579)
(60L, 300L)
backprop
('FEATURE LOSS', 0.06331867724657059)
('DOMAIN LOSS', 0.6104587912559509)
(60L, 300L)
backprop
('FEATURE LOSS', 0.06445801258087158)
('DOMAIN LOSS', 0.6354432702064514)
(60L, 300L)
backprop
('FEATURE LOSS', 0.06298656016588211)
('DOMAIN LOSS', 0.678450345993042)
(60L, 300L)
backprop
('FEATURE LOSS', 0.07139739394187927)
('DOMAIN LOSS', 0.5958296060562134)
(60L, 300L)
backprop
('FEATURE LOSS', 0.0595749169588089)
('DOMAIN LOSS', 0.6882593631744385)
(60L, 300L)
backprop
('FEATURE LOSS', 0.06243569776415825)
('DOMAIN LOSS', 0.6777628660202026)
(60L, 300L)
backprop
('FEATURE LOSS', 0.06846608966588974)
('DOMAIN LOSS', 0.5886627435684204)
(60L, 300L)
backprop
('FEATURE LOSS', 0.07596956193447113)
('DOMAIN LOSS', 0.6508426666259766)
(60L, 300L)
backprop
('FEATURE LOSS', 0.07083065807819366)
('DOMAIN LOSS', 0.6001468300819397)
(60L, 300L)
backprop
('FEATURE LOSS', 0.07293073832988739)
('DOMAIN LOSS', 0.6424954533576965)
(60L, 300L)
backprop
('FEATURE LOSS', 0.06644928455352783)
('DOMAIN LOSS', 0.6738874912261963)
(60L, 300L)
backprop
('FEATURE LOSS', 0.06646911054849625)
('DOMAIN LOSS', 0.625829815864563)
(60L, 300L)
backprop
('FEATURE LOSS', 0.07669121026992798)
('DOMAIN LOSS', 0.6066659092903137)
(60L, 300L)
backprop
('FEATURE LOSS', 0.06537368148565292)
('DOMAIN LOSS', 0.6700381636619568)
(60L, 300L)
backprop
('FEATURE LOSS', 0.07543250173330307)
('DOMAIN LOSS', 0.6153064966201782)
(60L, 300L)
backprop
('FEATURE LOSS', 0.07022269070148468)
('DOMAIN LOSS', 0.6579987406730652)
(60L, 300L)
backprop
('FEATURE LOSS', 0.07252790778875351)
('DOMAIN LOSS', 0.6540088653564453)
(60L, 300L)
backprop
('FEATURE LOSS', 0.0714196264743805)
('DOMAIN LOSS', 0.6664808392524719)
(60L, 300L)
backprop
('FEATURE LOSS', 0.0649663433432579)
('DOMAIN LOSS', 0.6920090913772583)
(60L, 300L)
backprop
('FEATURE LOSS', 0.07259319722652435)
('DOMAIN LOSS', 0.6587172150611877)
(60L, 300L)
backprop
('FEATURE LOSS', 0.07005671411752701)
('DOMAIN LOSS', 0.6230226755142212)
(60L, 300L)
backprop
('FEATURE LOSS', 0.0795280784368515)
('DOMAIN LOSS', 0.7077898383140564)
(60L, 300L)
backprop
('FEATURE LOSS', 0.07060614228248596)
('DOMAIN LOSS', 0.7356449365615845)
(60L, 300L)
backprop
('FEATURE LOSS', 0.06508031487464905)
('DOMAIN LOSS', 0.7403503656387329)
(60L, 300L)
backprop
('FEATURE LOSS', 0.06032862886786461)
('DOMAIN LOSS', 0.7596659064292908)
(60L, 300L)
backprop
('FEATURE LOSS', 0.06662477552890778)
('DOMAIN LOSS', 0.7411877512931824)
(60L, 300L)
backprop
('FEATURE LOSS', 0.0691356435418129)
('DOMAIN LOSS', 0.8216334581375122)
(60L, 300L)
backprop
('FEATURE LOSS', 0.06788574159145355)
('DOMAIN LOSS', 0.7652435302734375)
(60L, 300L)
backprop
('FEATURE LOSS', 0.0732312947511673)
('DOMAIN LOSS', 0.7875059247016907)
(60L, 300L)
backprop
('FEATURE LOSS', 0.06450442969799042)
('DOMAIN LOSS', 0.7703189849853516)
(60L, 300L)
backprop
('FEATURE LOSS', 0.06951552629470825)
('DOMAIN LOSS', 0.826576292514801)
(60L, 300L)
backprop
('FEATURE LOSS', 0.06404351443052292)
('DOMAIN LOSS', 0.7957057952880859)
(60L, 300L)
backprop
('FEATURE LOSS', 0.06357334554195404)
('DOMAIN LOSS', 0.7856818437576294)
(60L, 300L)
backprop
('FEATURE LOSS', 0.07147086411714554)
('DOMAIN LOSS', 0.8737542033195496)
[]
(60L, 300L)
backprop
('FEATURE LOSS', 0.06119905039668083)
('DOMAIN LOSS', 0.8005499243736267)
(60L, 300L)
backprop
('FEATURE LOSS', 0.06125032901763916)
('DOMAIN LOSS', 0.8116103410720825)
(60L, 300L)
backprop
('FEATURE LOSS', 0.07096901535987854)
('DOMAIN LOSS', 0.8782224059104919)
(60L, 300L)
backprop
('FEATURE LOSS', 0.07047377526760101)
('DOMAIN LOSS', 0.87257981300354)
(60L, 300L)
backprop
('FEATURE LOSS', 0.05946371331810951)
('DOMAIN LOSS', 0.7893913388252258)
(60L, 300L)
backprop
('FEATURE LOSS', 0.07089748233556747)
('DOMAIN LOSS', 0.8696910738945007)
(60L, 300L)
backprop
('FEATURE LOSS', 0.07511277496814728)
('DOMAIN LOSS', 0.8775931000709534)
(60L, 300L)
backprop
('FEATURE LOSS', 0.06430987268686295)
('DOMAIN LOSS', 0.8251399397850037)
(60L, 300L)
backprop
('FEATURE LOSS', 0.07724303007125854)
('DOMAIN LOSS', 0.8784377574920654)
(50L, 300L)
backprop
('FEATURE LOSS', 0.06587081402540207)
('DOMAIN LOSS', 0.8102214336395264)
DEV DATA
('auc middle', 0.55799999999999994)
('auc middle', 0.69249999999999989)
('auc middle', 0.67000000000000004)
('auc middle', 0.66337500000000005)
('auc middle', 0.67743999999999993)
('auc middle', 0.66461111111111104)
('auc middle', 0.66771428571428559)
('auc middle', 0.67090625000000015)
('auc middle', 0.65520987654320995)
('auc middle', 0.65332000000000001)
('auc middle', 0.65842975206611565)
('auc middle', 0.67229166666666673)
('auc middle', 0.67704142011834312)
('auc middle', 0.67398979591836716)
('auc middle', 0.67931555555555545)
('auc middle', 0.6884765625)
('auc middle', 0.68586159169550154)
('auc middle', 0.68795061728395057)
('auc middle', 0.67703601108033229)
('auc middle', 0.68505499999999997)
('auc middle', 0.68875736961451239)
('auc middle', 0.6915785123966941)
('auc middle', 0.69735727788279767)
('auc middle', 0.70437847222222216)
('auc middle', 0.70827839999999997)
[]
random stuff 2
('auc middle', 0.69684911242603531)
('auc middle', 0.69033470507544581)
('auc middle', 0.68459438775510195)
[]
random stuff 2
('auc middle', 0.68398097502972655)
('auc middle', 0.69117333333333331)
[]
random stuff 2
('auc middle', 0.69176690946930297)
('auc middle', 0.68735351562499991)
('auc middle', 0.68425895316804397)
('auc middle', 0.68475086505190319)
('auc middle', 0.68306938775510195)
('auc middle', 0.68065586419753088)
('auc middle', 0.68228926223520814)
('auc middle', 0.68498337950138499)
('auc middle', 0.6787074293228138)
('auc middle', 0.67669249999999992)
('auc middle', 0.68357168352171327)
[]
random stuff 2
('auc middle', 0.67749773242630396)
('auc middle', 0.67770686857760964)
('auc middle', 0.67476652892561995)
('auc middle', 0.68036543209876532)
('auc middle', 0.67765595463138006)
('auc middle', 0.68165685830692613)
('auc middle', 0.67721180555555549)
('auc middle', 0.67553436068304862)
('auc middle', 0.67259679999999988)
('auc middle', 0.67317647058823515)
('auc middle', 0.67586168639053257)
('auc middle', 0.67602064791740824)
('auc middle', 0.67600205761316867)
('auc middle', 0.67386975206611577)
[]
random stuff 2
('auc middle', 0.6735969387755103)
('auc middle', 0.67771868267159141)
